<?xml version="1.0" encoding="UTF-8"?>
<coverage generated="1620166361175" clover="3.2.0">
  <project timestamp="1620166361175" name="All files">
    <metrics statements="28" coveredstatements="16" conditionals="1" coveredconditionals="0" methods="11" coveredmethods="1" elements="40" coveredelements="17" complexity="0" loc="28" ncloc="28" packages="2" files="5" classes="5"/>
    <package name="lib">
      <metrics statements="23" coveredstatements="13" conditionals="0" coveredconditionals="0" methods="10" coveredmethods="1"/>
      <file name="employee.js" path="/Users/sam/penn_lps/repos/team-profile-builder/assets/scripts/lib/employee.js">
        <metrics statements="11" coveredstatements="4" conditionals="0" coveredconditionals="0" methods="5" coveredmethods="1"/>
        <line num="1" count="4" type="stmt"/>
        <line num="4" count="0" type="stmt"/>
        <line num="5" count="0" type="stmt"/>
        <line num="6" count="0" type="stmt"/>
        <line num="7" count="0" type="stmt"/>
        <line num="10" count="0" type="stmt"/>
        <line num="13" count="0" type="stmt"/>
        <line num="14" count="0" type="stmt"/>
        <line num="19" count="4" type="stmt"/>
        <line num="20" count="2" type="stmt"/>
        <line num="26" count="4" type="stmt"/>
      </file>
      <file name="engineer.js" path="/Users/sam/penn_lps/repos/team-profile-builder/assets/scripts/lib/engineer.js">
        <metrics statements="4" coveredstatements="3" conditionals="0" coveredconditionals="0" methods="2" coveredmethods="0"/>
        <line num="1" count="1" type="stmt"/>
        <line num="9" count="1" type="stmt"/>
        <line num="10" count="0" type="stmt"/>
        <line num="13" count="1" type="stmt"/>
      </file>
      <file name="intern.js" path="/Users/sam/penn_lps/repos/team-profile-builder/assets/scripts/lib/intern.js">
        <metrics statements="4" coveredstatements="3" conditionals="0" coveredconditionals="0" methods="1" coveredmethods="0"/>
        <line num="1" count="1" type="stmt"/>
        <line num="7" count="1" type="stmt"/>
        <line num="8" count="0" type="stmt"/>
        <line num="11" count="1" type="stmt"/>
      </file>
      <file name="manager.js" path="/Users/sam/penn_lps/repos/team-profile-builder/assets/scripts/lib/manager.js">
        <metrics statements="4" coveredstatements="3" conditionals="0" coveredconditionals="0" methods="2" coveredmethods="0"/>
        <line num="1" count="1" type="stmt"/>
        <line num="8" count="1" type="stmt"/>
        <line num="9" count="0" type="stmt"/>
        <line num="12" count="1" type="stmt"/>
      </file>
    </package>
    <package name="src">
      <metrics statements="5" coveredstatements="3" conditionals="1" coveredconditionals="0" methods="1" coveredmethods="0"/>
      <file name="questions.js" path="/Users/sam/penn_lps/repos/team-profile-builder/assets/scripts/src/questions.js">
        <metrics statements="5" coveredstatements="3" conditionals="1" coveredconditionals="0" methods="1" coveredmethods="0"/>
        <line num="1" count="4" type="stmt"/>
        <line num="3" count="4" type="cond" truecount="0" falsecount="1"/>
        <line num="4" count="0" type="stmt"/>
        <line num="13" count="0" type="stmt"/>
        <line num="16" count="4" type="stmt"/>
      </file>
    </package>
  </project>
</coverage>
