<?xml version="1.0" encoding="UTF-8"?>
<coverage generated="1620150861163" clover="3.2.0">
  <project timestamp="1620150861163" name="All files">
    <metrics statements="20" coveredstatements="17" conditionals="1" coveredconditionals="1" methods="6" coveredmethods="5" elements="27" coveredelements="23" complexity="0" loc="20" ncloc="20" packages="1" files="5" classes="5"/>
    <file name="employee.js" path="/Users/sam/penn_lps/repos/team-profile-builder/assets/scripts/employee.js">
      <metrics statements="6" coveredstatements="3" conditionals="0" coveredconditionals="0" methods="2" coveredmethods="1"/>
      <line num="3" count="0" type="stmt"/>
      <line num="4" count="0" type="stmt"/>
      <line num="5" count="0" type="stmt"/>
      <line num="9" count="1" type="stmt"/>
      <line num="10" count="2" type="stmt"/>
      <line num="13" count="1" type="stmt"/>
    </file>
    <file name="engineer.js" path="/Users/sam/penn_lps/repos/team-profile-builder/assets/scripts/engineer.js">
      <metrics statements="3" coveredstatements="3" conditionals="0" coveredconditionals="0" methods="1" coveredmethods="1"/>
      <line num="1" count="1" type="stmt"/>
      <line num="2" count="1" type="stmt"/>
      <line num="5" count="1" type="stmt"/>
    </file>
    <file name="intern.js" path="/Users/sam/penn_lps/repos/team-profile-builder/assets/scripts/intern.js">
      <metrics statements="3" coveredstatements="3" conditionals="0" coveredconditionals="0" methods="1" coveredmethods="1"/>
      <line num="1" count="1" type="stmt"/>
      <line num="2" count="1" type="stmt"/>
      <line num="5" count="1" type="stmt"/>
    </file>
    <file name="manager.js" path="/Users/sam/penn_lps/repos/team-profile-builder/assets/scripts/manager.js">
      <metrics statements="3" coveredstatements="3" conditionals="0" coveredconditionals="0" methods="1" coveredmethods="1"/>
      <line num="1" count="1" type="stmt"/>
      <line num="2" count="1" type="stmt"/>
      <line num="5" count="1" type="stmt"/>
    </file>
    <file name="questions.js" path="/Users/sam/penn_lps/repos/team-profile-builder/assets/scripts/questions.js">
      <metrics statements="5" coveredstatements="5" conditionals="1" coveredconditionals="1" methods="1" coveredmethods="1"/>
      <line num="1" count="1" type="stmt"/>
      <line num="5" count="1" type="cond" truecount="1" falsecount="0"/>
      <line num="6" count="2" type="stmt"/>
      <line num="15" count="2" type="stmt"/>
      <line num="18" count="1" type="stmt"/>
    </file>
  </project>
</coverage>
