{"/Users/sam/penn_lps/repos/team-profile-builder/assets/scripts/lib/employee.js": {"path":"/Users/sam/penn_lps/repos/team-profile-builder/assets/scripts/lib/employee.js","statementMap":{"0":{"start":{"line":1,"column":18},"end":{"line":1,"column":45}},"1":{"start":{"line":4,"column":8},"end":{"line":4,"column":25}},"2":{"start":{"line":5,"column":8},"end":{"line":5,"column":21}},"3":{"start":{"line":6,"column":8},"end":{"line":6,"column":27}},"4":{"start":{"line":7,"column":8},"end":{"line":9,"column":10}},"5":{"start":{"line":10,"column":8},"end":{"line":12,"column":10}},"6":{"start":{"line":13,"column":8},"end":{"line":15,"column":10}},"7":{"start":{"line":14,"column":12},"end":{"line":14,"column":29}},"8":{"start":{"line":19,"column":17},"end":{"line":21,"column":1}},"9":{"start":{"line":20,"column":4},"end":{"line":20,"column":14}},"10":{"start":{"line":26,"column":0},"end":{"line":29,"column":1}}},"fnMap":{"0":{"name":"(anonymous_0)","decl":{"start":{"line":3,"column":4},"end":{"line":3,"column":5}},"loc":{"start":{"line":3,"column":35},"end":{"line":16,"column":5}},"line":3},"1":{"name":"(anonymous_1)","decl":{"start":{"line":7,"column":21},"end":{"line":7,"column":22}},"loc":{"start":{"line":7,"column":27},"end":{"line":9,"column":9}},"line":7},"2":{"name":"(anonymous_2)","decl":{"start":{"line":10,"column":24},"end":{"line":10,"column":25}},"loc":{"start":{"line":10,"column":30},"end":{"line":12,"column":9}},"line":10},"3":{"name":"(anonymous_3)","decl":{"start":{"line":13,"column":23},"end":{"line":13,"column":24}},"loc":{"start":{"line":13,"column":29},"end":{"line":15,"column":9}},"line":13},"4":{"name":"(anonymous_4)","decl":{"start":{"line":19,"column":17},"end":{"line":19,"column":18}},"loc":{"start":{"line":19,"column":23},"end":{"line":21,"column":1}},"line":19}},"branchMap":{},"s":{"0":4,"1":0,"2":0,"3":0,"4":0,"5":0,"6":0,"7":0,"8":4,"9":2,"10":4},"f":{"0":0,"1":0,"2":0,"3":0,"4":2},"b":{},"_coverageSchema":"1a1c01bbd47fc00a2c39e90264f33305004495a9","hash":"4317512adfc0424a1d3f1d7c4d1ccedb54e47641"}
,"/Users/sam/penn_lps/repos/team-profile-builder/assets/scripts/lib/engineer.js": {"path":"/Users/sam/penn_lps/repos/team-profile-builder/assets/scripts/lib/engineer.js","statementMap":{"0":{"start":{"line":1,"column":21},"end":{"line":1,"column":42}},"1":{"start":{"line":9,"column":17},"end":{"line":11,"column":1}},"2":{"start":{"line":10,"column":4},"end":{"line":10,"column":14}},"3":{"start":{"line":13,"column":0},"end":{"line":13,"column":26}}},"fnMap":{"0":{"name":"(anonymous_0)","decl":{"start":{"line":4,"column":4},"end":{"line":4,"column":5}},"loc":{"start":{"line":4,"column":18},"end":{"line":6,"column":5}},"line":4},"1":{"name":"(anonymous_1)","decl":{"start":{"line":9,"column":17},"end":{"line":9,"column":18}},"loc":{"start":{"line":9,"column":23},"end":{"line":11,"column":1}},"line":9}},"branchMap":{},"s":{"0":1,"1":1,"2":0,"3":1},"f":{"0":0,"1":0},"b":{},"_coverageSchema":"1a1c01bbd47fc00a2c39e90264f33305004495a9","hash":"80d03212373d81ae050e185526d3f26f1a173c78"}
,"/Users/sam/penn_lps/repos/team-profile-builder/assets/scripts/lib/intern.js": {"path":"/Users/sam/penn_lps/repos/team-profile-builder/assets/scripts/lib/intern.js","statementMap":{"0":{"start":{"line":1,"column":21},"end":{"line":1,"column":42}},"1":{"start":{"line":7,"column":15},"end":{"line":9,"column":1}},"2":{"start":{"line":8,"column":4},"end":{"line":8,"column":14}},"3":{"start":{"line":11,"column":0},"end":{"line":11,"column":24}}},"fnMap":{"0":{"name":"(anonymous_0)","decl":{"start":{"line":7,"column":15},"end":{"line":7,"column":16}},"loc":{"start":{"line":7,"column":21},"end":{"line":9,"column":1}},"line":7}},"branchMap":{},"s":{"0":1,"1":1,"2":0,"3":1},"f":{"0":0},"b":{},"_coverageSchema":"1a1c01bbd47fc00a2c39e90264f33305004495a9","hash":"480f97bf5179e405b2b02b1ea731034620c8bd9e"}
,"/Users/sam/penn_lps/repos/team-profile-builder/assets/scripts/lib/manager.js": {"path":"/Users/sam/penn_lps/repos/team-profile-builder/assets/scripts/lib/manager.js","statementMap":{"0":{"start":{"line":1,"column":21},"end":{"line":1,"column":42}},"1":{"start":{"line":8,"column":16},"end":{"line":10,"column":1}},"2":{"start":{"line":9,"column":4},"end":{"line":9,"column":14}},"3":{"start":{"line":12,"column":0},"end":{"line":12,"column":25}}},"fnMap":{"0":{"name":"(anonymous_0)","decl":{"start":{"line":3,"column":4},"end":{"line":3,"column":5}},"loc":{"start":{"line":3,"column":18},"end":{"line":5,"column":5}},"line":3},"1":{"name":"(anonymous_1)","decl":{"start":{"line":8,"column":16},"end":{"line":8,"column":17}},"loc":{"start":{"line":8,"column":22},"end":{"line":10,"column":1}},"line":8}},"branchMap":{},"s":{"0":1,"1":1,"2":0,"3":1},"f":{"0":0,"1":0},"b":{},"_coverageSchema":"1a1c01bbd47fc00a2c39e90264f33305004495a9","hash":"ea210b5a20f0f93369a9ea73b92002b10cbc926c"}
,"/Users/sam/penn_lps/repos/team-profile-builder/assets/scripts/src/questions.js": {"path":"/Users/sam/penn_lps/repos/team-profile-builder/assets/scripts/src/questions.js","statementMap":{"0":{"start":{"line":1,"column":17},"end":{"line":1,"column":36}},"1":{"start":{"line":3,"column":18},"end":{"line":14,"column":1}},"2":{"start":{"line":4,"column":4},"end":{"line":12,"column":11}},"3":{"start":{"line":13,"column":4},"end":{"line":13,"column":19}},"4":{"start":{"line":16,"column":0},"end":{"line":16,"column":27}}},"fnMap":{"0":{"name":"(anonymous_0)","decl":{"start":{"line":3,"column":18},"end":{"line":3,"column":19}},"loc":{"start":{"line":3,"column":38},"end":{"line":14,"column":1}},"line":3}},"branchMap":{"0":{"loc":{"start":{"line":3,"column":19},"end":{"line":3,"column":33}},"type":"default-arg","locations":[{"start":{"line":3,"column":29},"end":{"line":3,"column":33}}],"line":3}},"s":{"0":4,"1":4,"2":0,"3":0,"4":4},"f":{"0":0},"b":{"0":[0]},"_coverageSchema":"1a1c01bbd47fc00a2c39e90264f33305004495a9","hash":"a88d630627d0a213025aab818056c6aa4604c073"}
}
