TN:
SF:assets/scripts/employee.js
FN:2,(anonymous_0)
FN:9,(anonymous_1)
FNF:2
FNH:1
FNDA:0,(anonymous_0)
FNDA:2,(anonymous_1)
DA:3,0
DA:4,0
DA:5,0
DA:9,1
DA:10,2
DA:13,1
LF:6
LH:3
BRF:0
BRH:0
end_of_record
TN:
SF:assets/scripts/engineer.js
FN:1,(anonymous_0)
FNF:1
FNH:1
FNDA:1,(anonymous_0)
DA:1,1
DA:2,1
DA:5,1
LF:3
LH:3
BRF:0
BRH:0
end_of_record
TN:
SF:assets/scripts/intern.js
FN:1,(anonymous_0)
FNF:1
FNH:1
FNDA:1,(anonymous_0)
DA:1,1
DA:2,1
DA:5,1
LF:3
LH:3
BRF:0
BRH:0
end_of_record
TN:
SF:assets/scripts/manager.js
FN:1,(anonymous_0)
FNF:1
FNH:1
FNDA:1,(anonymous_0)
DA:1,1
DA:2,1
DA:5,1
LF:3
LH:3
BRF:0
BRH:0
end_of_record
TN:
SF:assets/scripts/questions.js
FN:5,(anonymous_0)
FNF:1
FNH:1
FNDA:2,(anonymous_0)
DA:1,1
DA:5,1
DA:6,2
DA:15,2
DA:18,1
LF:5
LH:5
BRDA:5,0,0,2
BRF:1
BRH:1
end_of_record
